Log file open, 09/17/20 12:15:12
LogInit: Display: Running engine for game: TheyLive
LogPlatformFile: Not using cached read wrapper
LogTaskGraph: Started task graph with 5 named threads and 35 total threads with 3 sets of task threads.
LogStats: Stats thread started at 1.691021
LogD3D11RHI: Loaded GFSDK_Aftermath_Lib.x64.dll
LogICUInternationalization: ICU TimeZone Detection - Raw Offset: -5:00, Platform Override: ''
LogPluginManager: Mounting plugin Paper2D
LogPluginManager: Mounting plugin AISupport
LogPluginManager: Mounting plugin LightPropagationVolume
LogPluginManager: Mounting plugin CameraShakePreviewer
LogPluginManager: Mounting plugin ActorLayerUtilities
LogPluginManager: Mounting plugin AnimationSharing
LogPluginManager: Mounting plugin CLionSourceCodeAccess
LogPluginManager: Mounting plugin CodeLiteSourceCodeAccess
LogPluginManager: Mounting plugin GitSourceControl
LogPluginManager: Mounting plugin KDevelopSourceCodeAccess
LogPluginManager: Mounting plugin NullSourceCodeAccess
LogPluginManager: Mounting plugin PerforceSourceControl
LogPluginManager: Mounting plugin PlasticSourceControl
LogPluginManager: Mounting plugin RiderSourceCodeAccess
LogPluginManager: Mounting plugin SubversionSourceControl
LogPluginManager: Mounting plugin UObjectPlugin
LogPluginManager: Mounting plugin VisualStudioCodeSourceCodeAccess
LogPluginManager: Mounting plugin VisualStudioSourceCodeAccess
LogPluginManager: Mounting plugin XCodeSourceCodeAccess
LogPluginManager: Mounting plugin AssetManagerEditor
LogPluginManager: Mounting plugin CryptoKeys
LogPluginManager: Mounting plugin CurveEditorTools
LogPluginManager: Mounting plugin DataValidation
LogPluginManager: Mounting plugin EditorScriptingUtilities
LogPluginManager: Mounting plugin FacialAnimation
LogPluginManager: Mounting plugin GameplayTagsEditor
LogPluginManager: Mounting plugin GeometryMode
LogPluginManager: Mounting plugin MacGraphicsSwitching
LogPluginManager: Mounting plugin MaterialAnalyzer
LogPluginManager: Mounting plugin MobileLauncherProfileWizard
LogPluginManager: Mounting plugin PluginBrowser
LogPluginManager: Mounting plugin SpeedTreeImporter
LogPluginManager: Mounting plugin DatasmithContent
LogPluginManager: Mounting plugin VariantManagerContent
LogPluginManager: Mounting plugin AlembicImporter
LogPluginManager: Mounting plugin AutomationUtils
LogPluginManager: Mounting plugin BackChannel
LogPluginManager: Mounting plugin ChaosCloth
LogPluginManager: Mounting plugin ChaosClothEditor
LogPluginManager: Mounting plugin ChaosEditor
LogPluginManager: Mounting plugin ChaosNiagara
LogPluginManager: Mounting plugin ChaosSolverPlugin
LogPluginManager: Mounting plugin CharacterAI
LogPluginManager: Mounting plugin GeometryCache
LogPluginManager: Mounting plugin GeometryCollectionPlugin
LogPluginManager: Mounting plugin GeometryProcessing
LogPluginManager: Mounting plugin PlanarCut
LogPluginManager: Mounting plugin PlatformCrypto
LogPluginManager: Mounting plugin ProxyLODPlugin
LogPluginManager: Mounting plugin SkeletalReduction
LogPluginManager: Mounting plugin Niagara
LogPluginManager: Mounting plugin MagicLeap
LogPluginManager: Mounting plugin MagicLeapLightEstimation
LogPluginManager: Mounting plugin MagicLeapMedia
LogPluginManager: Mounting plugin MagicLeapPassableWorld
LogPluginManager: Mounting plugin MLSDK
LogPluginManager: Mounting plugin AndroidMedia
LogPluginManager: Mounting plugin AvfMedia
LogPluginManager: Mounting plugin ImgMedia
LogPluginManager: Mounting plugin MediaCompositing
LogPluginManager: Mounting plugin MediaPlayerEditor
LogPluginManager: Mounting plugin WebMMedia
LogPluginManager: Mounting plugin WmfMedia
LogPluginManager: Mounting plugin MeshPainting
LogPluginManager: Mounting plugin TcpMessaging
LogPluginManager: Mounting plugin UdpMessaging
LogPluginManager: Mounting plugin ActorSequence
LogPluginManager: Mounting plugin LevelSequenceEditor
LogPluginManager: Mounting plugin MatineeToLevelSequence
LogPluginManager: Mounting plugin MovieRenderPipeline
LogPluginManager: Mounting plugin TemplateSequence
LogPluginManager: Mounting plugin NetcodeUnitTest
LogPluginManager: Mounting plugin NUTUnrealEngine4
LogPluginManager: Mounting plugin OnlineSubsystemGooglePlay
LogPluginManager: Mounting plugin OnlineSubsystemIOS
LogPluginManager: Mounting plugin OnlineSubsystem
LogPluginManager: Mounting plugin OnlineSubsystemNull
LogPluginManager: Mounting plugin OnlineSubsystemUtils
LogPluginManager: Mounting plugin LauncherChunkInstaller
LogPluginManager: Mounting plugin AndroidDeviceProfileSelector
LogPluginManager: Mounting plugin AndroidMoviePlayer
LogPluginManager: Mounting plugin AndroidPermission
LogPluginManager: Mounting plugin AppleImageUtils
LogPluginManager: Mounting plugin AppleMoviePlayer
LogPluginManager: Mounting plugin ArchVisCharacter
LogPluginManager: Mounting plugin AssetTags
LogPluginManager: Mounting plugin AudioCapture
LogPluginManager: Mounting plugin CableComponent
LogPluginManager: Mounting plugin CustomMeshComponent
LogPluginManager: Mounting plugin EditableMesh
LogPluginManager: Mounting plugin ExampleDeviceProfileSelector
LogPluginManager: Mounting plugin GoogleCloudMessaging
LogPluginManager: Mounting plugin GooglePAD
LogPluginManager: Mounting plugin IOSDeviceProfileSelector
LogPluginManager: Mounting plugin LinuxDeviceProfileSelector
LogPluginManager: Mounting plugin LocationServicesBPLibrary
LogPluginManager: Mounting plugin MobilePatchingUtils
LogPluginManager: Mounting plugin OculusVR
LogPluginManager: Mounting plugin PhysXVehicles
LogPluginManager: Mounting plugin PostSplashScreen
LogPluginManager: Mounting plugin ProceduralMeshComponent
LogPluginManager: Mounting plugin RuntimePhysXCooking
LogPluginManager: Mounting plugin SignificanceManager
LogPluginManager: Mounting plugin SoundFields
LogPluginManager: Mounting plugin SteamVR
LogPluginManager: Mounting plugin Synthesis
LogPluginManager: Mounting plugin WebMMoviePlayer
LogPluginManager: Mounting plugin WindowsMoviePlayer
LogPluginManager: Mounting plugin ScreenshotTools
LogInit: Using libcurl 7.55.1-DEV
LogInit:  - built for x86_64-pc-win32
LogInit:  - supports SSL with OpenSSL/1.1.1
LogInit:  - supports HTTP deflate (compression) using libz 1.2.8
LogInit:  - other features:
LogInit:      CURL_VERSION_SSL
LogInit:      CURL_VERSION_LIBZ
LogInit:      CURL_VERSION_IPV6
LogInit:      CURL_VERSION_ASYNCHDNS
LogInit:      CURL_VERSION_LARGEFILE
LogInit:      CURL_VERSION_IDN
LogInit:  CurlRequestOptions (configurable via config and command line):
LogInit:  - bVerifyPeer = true  - Libcurl will verify peer certificate
LogInit:  - bUseHttpProxy = false  - Libcurl will NOT use HTTP proxy
LogInit:  - bDontReuseConnections = false  - Libcurl will reuse connections
LogInit:  - MaxHostConnections = 16  - Libcurl will limit the number of connections to a host
LogInit:  - LocalHostAddr = Default
LogInit:  - BufferSize = 65536
LogOnline: OSS: Creating online subsystem instance for: NULL
LogInit: WinSock: version 1.1 (2.2), MaxSocks=32767, MaxUdp=65467
LogOnline: OSS: TryLoadSubsystemAndSetDefault: Loaded subsystem for module [NULL]
LogInit: Build: ++UE4+Release-4.25-CL-13594126
LogInit: Engine Version: 4.25.1-13594126+++UE4+Release-4.25
LogInit: Compatible Engine Version: 4.25.0-13144385+++UE4+Release-4.25
LogInit: Net CL: 13144385
LogInit: OS: Windows 10 (Release 1909) (), CPU: Intel(R) Core(TM) i7-9750H CPU @ 2.60GHz, GPU: Intel(R) UHD Graphics 630
LogInit: Compiled (64-bit): Jun  2 2020 02:10:36
LogInit: Compiled with Visual C++: 19.24.28315.00
LogInit: Build Configuration: Development
LogInit: Branch Name: ++UE4+Release-4.25
LogInit: Command Line: 
LogInit: Base Directory: C:/Program Files/Epic Games/UE_4.25/Engine/Binaries/Win64/
LogInit: Allocator: TBB
LogInit: Installed Engine Build: 1
LogDevObjectVersion: Number of dev versions registered: 26
LogDevObjectVersion:   Dev-Blueprints (B0D832E4-1F89-4F0D-ACCF-7EB736FD4AA2): 10
LogDevObjectVersion:   Dev-Build (E1C64328-A22C-4D53-A36C-8E866417BD8C): 0
LogDevObjectVersion:   Dev-Core (375EC13C-06E4-48FB-B500-84F0262A717E): 4
LogDevObjectVersion:   Dev-Editor (E4B068ED-F494-42E9-A231-DA0B2E46BB41): 38
LogDevObjectVersion:   Dev-Framework (CFFC743F-43B0-4480-9391-14DF171D2073): 37
LogDevObjectVersion:   Dev-Mobile (B02B49B5-BB20-44E9-A304-32B752E40360): 2
LogDevObjectVersion:   Dev-Networking (A4E4105C-59A1-49B5-A7C5-40C4547EDFEE): 0
LogDevObjectVersion:   Dev-Online (39C831C9-5AE6-47DC-9A44-9C173E1C8E7C): 0
LogDevObjectVersion:   Dev-Physics (78F01B33-EBEA-4F98-B9B4-84EACCB95AA2): 4
LogDevObjectVersion:   Dev-Platform (6631380F-2D4D-43E0-8009-CF276956A95A): 0
LogDevObjectVersion:   Dev-Rendering (12F88B9F-8875-4AFC-A67C-D90C383ABD29): 43
LogDevObjectVersion:   Dev-Sequencer (7B5AE74C-D270-4C10-A958-57980B212A5A): 12
LogDevObjectVersion:   Dev-VR (D7296918-1DD6-4BDD-9DE2-64A83CC13884): 3
LogDevObjectVersion:   Dev-LoadTimes (C2A15278-BFE7-4AFE-6C17-90FF531DF755): 1
LogDevObjectVersion:   Private-Geometry (6EACA3D4-40EC-4CC1-B786-8BED09428FC5): 3
LogDevObjectVersion:   Dev-AnimPhys (29E575DD-E0A3-4627-9D10-D276232CDCEA): 17
LogDevObjectVersion:   Dev-Anim (AF43A65D-7FD3-4947-9873-3E8ED9C1BB05): 7
LogDevObjectVersion:   Dev-ReflectionCapture (6B266CEC-1EC7-4B8F-A30B-E4D90942FC07): 1
LogDevObjectVersion:   Dev-Automation (0DF73D61-A23F-47EA-B727-89E90C41499A): 1
LogDevObjectVersion:   FortniteMain (601D1886-AC64-4F84-AA16-D3DE0DEAC7D6): 31
LogDevObjectVersion:   Dev-Enterprise (9DFFBCD6-494F-0158-E221-12823C92A888): 10
LogDevObjectVersion:   Dev-Niagara (F2AED0AC-9AFE-416F-8664-AA7FFA26D6FC): 1
LogDevObjectVersion:   Dev-Destruction (174F1F0B-B4C6-45A5-B13F-2EE8D0FB917D): 10
LogDevObjectVersion:   Dev-Physics-Ext (35F94A83-E258-406C-A318-09F59610247C): 37
LogDevObjectVersion:   Dev-PhysicsMaterial-Chaos (B68FC16E-8B1B-42E2-B453-215C058844FE): 1
LogDevObjectVersion:   Dev-CineCamera (B2E18506-4273-CFC2-A54E-F4BB758BBA07): 1
LogInit: Presizing for max 25165824 objects, including 0 objects not considered by GC, pre-allocating 0 bytes for permanent pool.
LogConfig: Applying CVar settings from Section [/Script/Engine.StreamingSettings] File [D:/UEprojet/Project-Dimensions-of-horror/TheyLive 4.25/Saved/Config/Windows/Engine.ini]
LogConfig: Setting CVar [[s.MinBulkDataSizeForAsyncLoading:131072]]
LogConfig: Setting CVar [[s.AsyncLoadingThreadEnabled:0]]
LogConfig: Setting CVar [[s.EventDrivenLoaderEnabled:1]]
LogConfig: Setting CVar [[s.WarnIfTimeLimitExceeded:0]]
LogConfig: Setting CVar [[s.TimeLimitExceededMultiplier:1.5]]
LogConfig: Setting CVar [[s.TimeLimitExceededMinTime:0.005]]
LogConfig: Setting CVar [[s.UseBackgroundLevelStreaming:1]]
LogConfig: Setting CVar [[s.PriorityAsyncLoadingExtraTime:15.0]]
LogConfig: Setting CVar [[s.LevelStreamingActorsUpdateTimeLimit:5.0]]
LogConfig: Setting CVar [[s.PriorityLevelStreamingActorsUpdateExtraTime:5.0]]
LogConfig: Setting CVar [[s.LevelStreamingComponentsRegistrationGranularity:10]]
LogConfig: Setting CVar [[s.UnregisterComponentsTimeLimit:1.0]]
LogConfig: Setting CVar [[s.LevelStreamingComponentsUnregistrationGranularity:5]]
LogConfig: Setting CVar [[s.FlushStreamingOnExit:1]]
LogInit: Object subsystem initialized
LogConfig: Setting CVar [[con.DebugEarlyDefault:1]]
LogConfig: Setting CVar [[r.setres:1280x720]]
[2020.09.17-16.15.12:556][  0]LogConfig: Setting CVar [[r.VSync:0]]
[2020.09.17-16.15.12:557][  0]LogConfig: Setting CVar [[r.RHICmdBypass:0]]
[2020.09.17-16.15.12:557][  0]LogConfig: Applying CVar settings from Section [/Script/Engine.RendererSettings] File [D:/UEprojet/Project-Dimensions-of-horror/TheyLive 4.25/Saved/Config/Windows/Engine.ini]
[2020.09.17-16.15.12:557][  0]LogConfig: Setting CVar [[r.GPUCrashDebugging:0]]
[2020.09.17-16.15.12:557][  0]LogConfig: Setting CVar [[r.DefaultFeature.AutoExposure.ExtendDefaultLuminanceRange:0]]
[2020.09.17-16.15.12:557][  0]LogConfig: Applying CVar settings from Section [/Script/Engine.RendererOverrideSettings] File [D:/UEprojet/Project-Dimensions-of-horror/TheyLive 4.25/Saved/Config/Windows/Engine.ini]
[2020.09.17-16.15.12:557][  0]LogConfig: Applying CVar settings from Section [/Script/Engine.StreamingSettings] File [D:/UEprojet/Project-Dimensions-of-horror/TheyLive 4.25/Saved/Config/Windows/Engine.ini]
[2020.09.17-16.15.12:557][  0]LogConfig: Setting CVar [[s.MinBulkDataSizeForAsyncLoading:131072]]
[2020.09.17-16.15.12:557][  0]LogConfig: Setting CVar [[s.AsyncLoadingThreadEnabled:0]]
[2020.09.17-16.15.12:557][  0]LogConfig: Setting CVar [[s.EventDrivenLoaderEnabled:1]]
[2020.09.17-16.15.12:557][  0]LogConfig: Setting CVar [[s.WarnIfTimeLimitExceeded:0]]
[2020.09.17-16.15.12:557][  0]LogConfig: Setting CVar [[s.TimeLimitExceededMultiplier:1.5]]
[2020.09.17-16.15.12:557][  0]LogConfig: Setting CVar [[s.TimeLimitExceededMinTime:0.005]]
[2020.09.17-16.15.12:557][  0]LogConfig: Setting CVar [[s.UseBackgroundLevelStreaming:1]]
[2020.09.17-16.15.12:557][  0]LogConfig: Setting CVar [[s.PriorityAsyncLoadingExtraTime:15.0]]
[2020.09.17-16.15.12:557][  0]LogConfig: Setting CVar [[s.LevelStreamingActorsUpdateTimeLimit:5.0]]
[2020.09.17-16.15.12:557][  0]LogConfig: Setting CVar [[s.PriorityLevelStreamingActorsUpdateExtraTime:5.0]]
[2020.09.17-16.15.12:557][  0]LogConfig: Setting CVar [[s.LevelStreamingComponentsRegistrationGranularity:10]]
[2020.09.17-16.15.12:557][  0]LogConfig: Setting CVar [[s.UnregisterComponentsTimeLimit:1.0]]
[2020.09.17-16.15.12:557][  0]LogConfig: Setting CVar [[s.LevelStreamingComponentsUnregistrationGranularity:5]]
[2020.09.17-16.15.12:557][  0]LogConfig: Setting CVar [[s.FlushStreamingOnExit:1]]
[2020.09.17-16.15.12:557][  0]LogConfig: Applying CVar settings from Section [/Script/Engine.GarbageCollectionSettings] File [D:/UEprojet/Project-Dimensions-of-horror/TheyLive 4.25/Saved/Config/Windows/Engine.ini]
[2020.09.17-16.15.12:557][  0]LogConfig: Setting CVar [[gc.MaxObjectsNotConsideredByGC:1]]
[2020.09.17-16.15.12:557][  0]LogConfig: Setting CVar [[gc.SizeOfPermanentObjectPool:0]]
[2020.09.17-16.15.12:557][  0]LogConfig: Setting CVar [[gc.FlushStreamingOnGC:0]]
[2020.09.17-16.15.12:557][  0]LogConfig: Setting CVar [[gc.NumRetriesBeforeForcingGC:10]]
[2020.09.17-16.15.12:557][  0]LogConfig: Setting CVar [[gc.AllowParallelGC:1]]
[2020.09.17-16.15.12:557][  0]LogConfig: Setting CVar [[gc.TimeBetweenPurgingPendingKillObjects:61.1]]
[2020.09.17-16.15.12:557][  0]LogConfig: Setting CVar [[gc.MaxObjectsInEditor:25165824]]
[2020.09.17-16.15.12:557][  0]LogConfig: Setting CVar [[gc.IncrementalBeginDestroyEnabled:1]]
[2020.09.17-16.15.12:557][  0]LogConfig: Setting CVar [[gc.CreateGCClusters:1]]
[2020.09.17-16.15.12:557][  0]LogConfig: Setting CVar [[gc.MinGCClusterSize:5]]
[2020.09.17-16.15.12:557][  0]LogConfig: Setting CVar [[gc.ActorClusteringEnabled:0]]
[2020.09.17-16.15.12:557][  0]LogConfig: Setting CVar [[gc.BlueprintClusteringEnabled:0]]
[2020.09.17-16.15.12:557][  0]LogConfig: Setting CVar [[gc.UseDisregardForGCOnDedicatedServers:0]]
[2020.09.17-16.15.12:557][  0]LogConfig: Applying CVar settings from Section [/Script/Engine.NetworkSettings] File [D:/UEprojet/Project-Dimensions-of-horror/TheyLive 4.25/Saved/Config/Windows/Engine.ini]
[2020.09.17-16.15.12:557][  0]LogConfig: Applying CVar settings from Section [/Script/UnrealEd.CookerSettings] File [D:/UEprojet/Project-Dimensions-of-horror/TheyLive 4.25/Saved/Config/Windows/Engine.ini]
[2020.09.17-16.15.12:560][  0]LogConfig: Applying CVar settings from Section [ViewDistanceQuality@3] File [D:/UEprojet/Project-Dimensions-of-horror/TheyLive 4.25/Saved/Config/Windows/Scalability.ini]
[2020.09.17-16.15.12:560][  0]LogConfig: Setting CVar [[r.SkeletalMeshLODBias:0]]
[2020.09.17-16.15.12:560][  0]LogConfig: Setting CVar [[r.ViewDistanceScale:1.0]]
[2020.09.17-16.15.12:560][  0]LogConfig: Applying CVar settings from Section [AntiAliasingQuality@3] File [D:/UEprojet/Project-Dimensions-of-horror/TheyLive 4.25/Saved/Config/Windows/Scalability.ini]
[2020.09.17-16.15.12:560][  0]LogConfig: Setting CVar [[r.PostProcessAAQuality:4]]
[2020.09.17-16.15.12:560][  0]LogConfig: Applying CVar settings from Section [ShadowQuality@3] File [D:/UEprojet/Project-Dimensions-of-horror/TheyLive 4.25/Saved/Config/Windows/Scalability.ini]
[2020.09.17-16.15.12:560][  0]LogConfig: Setting CVar [[r.LightFunctionQuality:1]]
[2020.09.17-16.15.12:560][  0]LogConfig: Setting CVar [[r.ShadowQuality:5]]
[2020.09.17-16.15.12:560][  0]LogConfig: Setting CVar [[r.Shadow.CSM.MaxCascades:10]]
[2020.09.17-16.15.12:560][  0]LogConfig: Setting CVar [[r.Shadow.MaxResolution:2048]]
[2020.09.17-16.15.12:560][  0]LogConfig: Setting CVar [[r.Shadow.MaxCSMResolution:2048]]
[2020.09.17-16.15.12:560][  0]LogConfig: Setting CVar [[r.Shadow.RadiusThreshold:0.01]]
[2020.09.17-16.15.12:560][  0]LogConfig: Setting CVar [[r.Shadow.DistanceScale:1.0]]
[2020.09.17-16.15.12:560][  0]LogConfig: Setting CVar [[r.Shadow.CSM.TransitionScale:1.0]]
[2020.09.17-16.15.12:560][  0]LogConfig: Setting CVar [[r.Shadow.PreShadowResolutionFactor:1.0]]
[2020.09.17-16.15.12:560][  0]LogConfig: Setting CVar [[r.DistanceFieldShadowing:1]]
[2020.09.17-16.15.12:560][  0]LogConfig: Setting CVar [[r.DistanceFieldAO:1]]
[2020.09.17-16.15.12:560][  0]LogConfig: Setting CVar [[r.AOQuality:2]]
[2020.09.17-16.15.12:560][  0]LogConfig: Setting CVar [[r.VolumetricFog:1]]
[2020.09.17-16.15.12:560][  0]LogConfig: Setting CVar [[r.VolumetricFog.GridPixelSize:8]]
[2020.09.17-16.15.12:560][  0]LogConfig: Setting CVar [[r.VolumetricFog.GridSizeZ:128]]
[2020.09.17-16.15.12:560][  0]LogConfig: Setting CVar [[r.VolumetricFog.HistoryMissSupersampleCount:4]]
[2020.09.17-16.15.12:560][  0]LogConfig: Setting CVar [[r.LightMaxDrawDistanceScale:1]]
[2020.09.17-16.15.12:560][  0]LogConfig: Setting CVar [[r.CapsuleShadows:1]]
[2020.09.17-16.15.12:560][  0]LogConfig: Applying CVar settings from Section [PostProcessQuality@3] File [D:/UEprojet/Project-Dimensions-of-horror/TheyLive 4.25/Saved/Config/Windows/Scalability.ini]
[2020.09.17-16.15.12:560][  0]LogConfig: Setting CVar [[r.MotionBlurQuality:4]]
[2020.09.17-16.15.12:560][  0]LogConfig: Setting CVar [[r.AmbientOcclusionMipLevelFactor:0.4]]
[2020.09.17-16.15.12:560][  0]LogConfig: Setting CVar [[r.AmbientOcclusionMaxQuality:100]]
[2020.09.17-16.15.12:560][  0]LogConfig: Setting CVar [[r.AmbientOcclusionLevels:-1]]
[2020.09.17-16.15.12:560][  0]LogConfig: Setting CVar [[r.AmbientOcclusionRadiusScale:1.0]]
[2020.09.17-16.15.12:560][  0]LogConfig: Setting CVar [[r.DepthOfFieldQuality:2]]
[2020.09.17-16.15.12:560][  0]LogConfig: Setting CVar [[r.RenderTargetPoolMin:400]]
[2020.09.17-16.15.12:560][  0]LogConfig: Setting CVar [[r.LensFlareQuality:2]]
[2020.09.17-16.15.12:560][  0]LogConfig: Setting CVar [[r.SceneColorFringeQuality:1]]
[2020.09.17-16.15.12:560][  0]LogConfig: Setting CVar [[r.EyeAdaptationQuality:2]]
[2020.09.17-16.15.12:560][  0]LogConfig: Setting CVar [[r.BloomQuality:5]]
[2020.09.17-16.15.12:560][  0]LogConfig: Setting CVar [[r.FastBlurThreshold:100]]
[2020.09.17-16.15.12:560][  0]LogConfig: Setting CVar [[r.Upscale.Quality:3]]
[2020.09.17-16.15.12:560][  0]LogConfig: Setting CVar [[r.Tonemapper.GrainQuantization:1]]
[2020.09.17-16.15.12:560][  0]LogConfig: Setting CVar [[r.LightShaftQuality:1]]
[2020.09.17-16.15.12:560][  0]LogConfig: Setting CVar [[r.Filter.SizeScale:1]]
[2020.09.17-16.15.12:560][  0]LogConfig: Setting CVar [[r.Tonemapper.Quality:5]]
[2020.09.17-16.15.12:560][  0]LogConfig: Setting CVar [[r.DOF.Gather.AccumulatorQuality:1        ; higher gathering accumulator quality]]
[2020.09.17-16.15.12:560][  0]LogConfig: Setting CVar [[r.DOF.Gather.PostfilterMethod:1          ; Median3x3 postfilering method]]
[2020.09.17-16.15.12:560][  0]LogConfig: Setting CVar [[r.DOF.Gather.EnableBokehSettings:0       ; no bokeh simulation when gathering]]
[2020.09.17-16.15.12:560][  0]LogConfig: Setting CVar [[r.DOF.Gather.RingCount:4                 ; medium number of samples when gathering]]
[2020.09.17-16.15.12:560][  0]LogConfig: Setting CVar [[r.DOF.Scatter.ForegroundCompositing:1    ; additive foreground scattering]]
[2020.09.17-16.15.12:560][  0]LogConfig: Setting CVar [[r.DOF.Scatter.BackgroundCompositing:2    ; additive background scattering]]
[2020.09.17-16.15.12:560][  0]LogConfig: Setting CVar [[r.DOF.Scatter.EnableBokehSettings:1      ; bokeh simulation when scattering]]
[2020.09.17-16.15.12:560][  0]LogConfig: Setting CVar [[r.DOF.Scatter.MaxSpriteRatio:0.1         ; only a maximum of 10% of scattered bokeh]]
[2020.09.17-16.15.12:560][  0]LogConfig: Setting CVar [[r.DOF.Recombine.Quality:1                ; cheap slight out of focus]]
[2020.09.17-16.15.12:560][  0]LogConfig: Setting CVar [[r.DOF.Recombine.EnableBokehSettings:0    ; no bokeh simulation on slight out of focus]]
[2020.09.17-16.15.12:560][  0]LogConfig: Setting CVar [[r.DOF.TemporalAAQuality:1                ; more stable temporal accumulation]]
[2020.09.17-16.15.12:560][  0]LogConfig: Setting CVar [[r.DOF.Kernel.MaxForegroundRadius:0.025]]
[2020.09.17-16.15.12:560][  0]LogConfig: Setting CVar [[r.DOF.Kernel.MaxBackgroundRadius:0.025]]
[2020.09.17-16.15.12:560][  0]LogConfig: Applying CVar settings from Section [TextureQuality@3] File [D:/UEprojet/Project-Dimensions-of-horror/TheyLive 4.25/Saved/Config/Windows/Scalability.ini]
[2020.09.17-16.15.12:560][  0]LogConfig: Setting CVar [[r.Streaming.MipBias:0]]
[2020.09.17-16.15.12:560][  0]LogConfig: Setting CVar [[r.Streaming.AmortizeCPUToGPUCopy:0]]
[2020.09.17-16.15.12:560][  0]LogConfig: Setting CVar [[r.Streaming.MaxNumTexturesToStreamPerFrame:0]]
[2020.09.17-16.15.12:560][  0]LogConfig: Setting CVar [[r.Streaming.Boost:1]]
[2020.09.17-16.15.12:560][  0]LogConfig: Setting CVar [[r.MaxAnisotropy:8]]
[2020.09.17-16.15.12:560][  0]LogConfig: Setting CVar [[r.VT.MaxAnisotropy:8]]
[2020.09.17-16.15.12:560][  0]LogConfig: Setting CVar [[r.Streaming.LimitPoolSizeToVRAM:0]]
[2020.09.17-16.15.12:560][  0]LogConfig: Setting CVar [[r.Streaming.PoolSize:1000]]
[2020.09.17-16.15.12:560][  0]LogConfig: Setting CVar [[r.Streaming.MaxEffectiveScreenSize:0]]
[2020.09.17-16.15.12:560][  0]LogConfig: Applying CVar settings from Section [EffectsQuality@3] File [D:/UEprojet/Project-Dimensions-of-horror/TheyLive 4.25/Saved/Config/Windows/Scalability.ini]
[2020.09.17-16.15.12:560][  0]LogConfig: Setting CVar [[r.TranslucencyLightingVolumeDim:64]]
[2020.09.17-16.15.12:560][  0]LogConfig: Setting CVar [[r.RefractionQuality:2]]
[2020.09.17-16.15.12:560][  0]LogConfig: Setting CVar [[r.SSR.Quality:3]]
[2020.09.17-16.15.12:560][  0]LogConfig: Setting CVar [[r.SSR.HalfResSceneColor:0]]
[2020.09.17-16.15.12:560][  0]LogConfig: Setting CVar [[r.SceneColorFormat:4]]
[2020.09.17-16.15.12:560][  0]LogConfig: Setting CVar [[r.DetailMode:2]]
[2020.09.17-16.15.12:561][  0]LogConfig: Setting CVar [[r.TranslucencyVolumeBlur:1]]
[2020.09.17-16.15.12:561][  0]LogConfig: Setting CVar [[r.MaterialQualityLevel:1 ; High quality]]
[2020.09.17-16.15.12:561][  0]LogConfig: Setting CVar [[r.SSS.Scale:1]]
[2020.09.17-16.15.12:561][  0]LogConfig: Setting CVar [[r.SSS.SampleSet:2]]
[2020.09.17-16.15.12:561][  0]LogConfig: Setting CVar [[r.SSS.Quality:1]]
[2020.09.17-16.15.12:561][  0]LogConfig: Setting CVar [[r.SSS.HalfRes:0]]
[2020.09.17-16.15.12:561][  0]LogConfig: Setting CVar [[r.SSGI.Quality:3]]
[2020.09.17-16.15.12:561][  0]LogConfig: Setting CVar [[r.EmitterSpawnRateScale:1.0]]
[2020.09.17-16.15.12:561][  0]LogConfig: Setting CVar [[r.ParticleLightQuality:2]]
[2020.09.17-16.15.12:561][  0]LogConfig: Setting CVar [[r.SkyAtmosphere.AerialPerspectiveLUT.FastApplyOnOpaque:1 ; Always have FastSkyLUT 1 in this case to avoid wrong sky]]
[2020.09.17-16.15.12:561][  0]LogConfig: Setting CVar [[r.SkyAtmosphere.AerialPerspectiveLUT.SampleCountPerSlice:1]]
[2020.09.17-16.15.12:561][  0]LogConfig: Setting CVar [[r.SkyAtmosphere.AerialPerspectiveLUT.DepthResolution:16.0]]
[2020.09.17-16.15.12:561][  0]LogConfig: Setting CVar [[r.SkyAtmosphere.FastSkyLUT:1]]
[2020.09.17-16.15.12:561][  0]LogConfig: Setting CVar [[r.SkyAtmosphere.FastSkyLUT.SampleCountMin:4.0]]
[2020.09.17-16.15.12:561][  0]LogConfig: Setting CVar [[r.SkyAtmosphere.FastSkyLUT.SampleCountMax:32.0]]
[2020.09.17-16.15.12:561][  0]LogConfig: Setting CVar [[r.SkyAtmosphere.SampleCountMin:4.0]]
[2020.09.17-16.15.12:561][  0]LogConfig: Setting CVar [[r.SkyAtmosphere.SampleCountMax:32.0]]
[2020.09.17-16.15.12:561][  0]LogConfig: Setting CVar [[r.SkyAtmosphere.TransmittanceLUT.UseSmallFormat:0]]
[2020.09.17-16.15.12:561][  0]LogConfig: Setting CVar [[r.SkyAtmosphere.TransmittanceLUT.SampleCount:10.0]]
[2020.09.17-16.15.12:561][  0]LogConfig: Setting CVar [[r.SkyAtmosphere.MultiScatteringLUT.SampleCount:15.0]]
[2020.09.17-16.15.12:561][  0]LogConfig: Applying CVar settings from Section [FoliageQuality@3] File [D:/UEprojet/Project-Dimensions-of-horror/TheyLive 4.25/Saved/Config/Windows/Scalability.ini]
[2020.09.17-16.15.12:561][  0]LogConfig: Setting CVar [[foliage.DensityScale:1.0]]
[2020.09.17-16.15.12:561][  0]LogConfig: Setting CVar [[grass.DensityScale:1.0]]
[2020.09.17-16.15.12:561][  0]LogConfig: Applying CVar settings from Section [ShadingQuality@3] File [D:/UEprojet/Project-Dimensions-of-horror/TheyLive 4.25/Saved/Config/Windows/Scalability.ini]
[2020.09.17-16.15.12:561][  0]LogConfig: Setting CVar [[r.HairStrands.SkyLighting.SampleCount:16]]
[2020.09.17-16.15.12:561][  0]LogConfig: Setting CVar [[r.HairStrands.SkyLighting.JitterIntegration:0]]
[2020.09.17-16.15.12:561][  0]LogConfig: Setting CVar [[r.HairStrands.SkyAO.SampleCount:16]]
[2020.09.17-16.15.12:561][  0]LogConfig: Setting CVar [[r.HairStrands.DeepShadow.SuperSampling:0]]
[2020.09.17-16.15.12:561][  0]LogConfig: Setting CVar [[r.HairStrands.VisibilityPPLL:0]]
[2020.09.17-16.15.12:561][  0]LogConfig: Setting CVar [[r.HairStrands.RasterizationScale:0.5]]
[2020.09.17-16.15.12:561][  0]LogConfig: Setting CVar [[r.HairStrands.VelocityRasterizationScale:1]]
[2020.09.17-16.15.12:561][  0]LogInit: Selected Device Profile: [Windows]
[2020.09.17-16.15.12:561][  0]LogInit: Applying CVar settings loaded from the selected device profile: [Windows]
[2020.09.17-16.15.12:561][  0]LogHAL: Display: Platform has ~ 16 GB [17015910400 / 17179869184 / 16], which maps to Larger [LargestMinGB=32, LargerMinGB=12, DefaultMinGB=8, SmallerMinGB=6, SmallestMinGB=0)
[2020.09.17-16.15.12:561][  0]LogInit: Going up to parent DeviceProfile []
[2020.09.17-16.15.12:561][  0]LogConfig: Applying CVar settings from Section [ViewDistanceQuality@3] File [D:/UEprojet/Project-Dimensions-of-horror/TheyLive 4.25/Saved/Config/Windows/Scalability.ini]
[2020.09.17-16.15.12:561][  0]LogConfig: Setting CVar [[r.SkeletalMeshLODBias:0]]
[2020.09.17-16.15.12:561][  0]LogConfig: Setting CVar [[r.ViewDistanceScale:1.0]]
[2020.09.17-16.15.12:561][  0]LogConfig: Applying CVar settings from Section [AntiAliasingQuality@3] File [D:/UEprojet/Project-Dimensions-of-horror/TheyLive 4.25/Saved/Config/Windows/Scalability.ini]
[2020.09.17-16.15.12:561][  0]LogConfig: Setting CVar [[r.PostProcessAAQuality:4]]
[2020.09.17-16.15.12:561][  0]LogConfig: Applying CVar settings from Section [ShadowQuality@3] File [D:/UEprojet/Project-Dimensions-of-horror/TheyLive 4.25/Saved/Config/Windows/Scalability.ini]
[2020.09.17-16.15.12:561][  0]LogConfig: Setting CVar [[r.LightFunctionQuality:1]]
[2020.09.17-16.15.12:561][  0]LogConfig: Setting CVar [[r.ShadowQuality:5]]
[2020.09.17-16.15.12:561][  0]LogConfig: Setting CVar [[r.Shadow.CSM.MaxCascades:10]]
[2020.09.17-16.15.12:561][  0]LogConfig: Setting CVar [[r.Shadow.MaxResolution:2048]]
[2020.09.17-16.15.12:561][  0]LogConfig: Setting CVar [[r.Shadow.MaxCSMResolution:2048]]
[2020.09.17-16.15.12:561][  0]LogConfig: Setting CVar [[r.Shadow.RadiusThreshold:0.01]]
[2020.09.17-16.15.12:561][  0]LogConfig: Setting CVar [[r.Shadow.DistanceScale:1.0]]
[2020.09.17-16.15.12:561][  0]LogConfig: Setting CVar [[r.Shadow.CSM.TransitionScale:1.0]]
[2020.09.17-16.15.12:561][  0]LogConfig: Setting CVar [[r.Shadow.PreShadowResolutionFactor:1.0]]
[2020.09.17-16.15.12:561][  0]LogConfig: Setting CVar [[r.DistanceFieldShadowing:1]]
[2020.09.17-16.15.12:561][  0]LogConfig: Setting CVar [[r.DistanceFieldAO:1]]
[2020.09.17-16.15.12:561][  0]LogConfig: Setting CVar [[r.AOQuality:2]]
[2020.09.17-16.15.12:561][  0]LogConfig: Setting CVar [[r.VolumetricFog:1]]
[2020.09.17-16.15.12:561][  0]LogConfig: Setting CVar [[r.VolumetricFog.GridPixelSize:8]]
[2020.09.17-16.15.12:561][  0]LogConfig: Setting CVar [[r.VolumetricFog.GridSizeZ:128]]
[2020.09.17-16.15.12:561][  0]LogConfig: Setting CVar [[r.VolumetricFog.HistoryMissSupersampleCount:4]]
[2020.09.17-16.15.12:561][  0]LogConfig: Setting CVar [[r.LightMaxDrawDistanceScale:1]]
[2020.09.17-16.15.12:561][  0]LogConfig: Setting CVar [[r.CapsuleShadows:1]]
[2020.09.17-16.15.12:561][  0]LogConfig: Applying CVar settings from Section [PostProcessQuality@3] File [D:/UEprojet/Project-Dimensions-of-horror/TheyLive 4.25/Saved/Config/Windows/Scalability.ini]
[2020.09.17-16.15.12:561][  0]LogConfig: Setting CVar [[r.MotionBlurQuality:4]]
[2020.09.17-16.15.12:561][  0]LogConfig: Setting CVar [[r.AmbientOcclusionMipLevelFactor:0.4]]
[2020.09.17-16.15.12:561][  0]LogConfig: Setting CVar [[r.AmbientOcclusionMaxQuality:100]]
[2020.09.17-16.15.12:561][  0]LogConfig: Setting CVar [[r.AmbientOcclusionLevels:-1]]
[2020.09.17-16.15.12:561][  0]LogConfig: Setting CVar [[r.AmbientOcclusionRadiusScale:1.0]]
[2020.09.17-16.15.12:561][  0]LogConfig: Setting CVar [[r.DepthOfFieldQuality:2]]
[2020.09.17-16.15.12:561][  0]LogConfig: Setting CVar [[r.RenderTargetPoolMin:400]]
[2020.09.17-16.15.12:561][  0]LogConfig: Setting CVar [[r.LensFlareQuality:2]]
[2020.09.17-16.15.12:561][  0]LogConfig: Setting CVar [[r.SceneColorFringeQuality:1]]
[2020.09.17-16.15.12:561][  0]LogConfig: Setting CVar [[r.EyeAdaptationQuality:2]]
[2020.09.17-16.15.12:561][  0]LogConfig: Setting CVar [[r.BloomQuality:5]]
[2020.09.17-16.15.12:561][  0]LogConfig: Setting CVar [[r.FastBlurThreshold:100]]
[2020.09.17-16.15.12:561][  0]LogConfig: Setting CVar [[r.Upscale.Quality:3]]
[2020.09.17-16.15.12:561][  0]LogConfig: Setting CVar [[r.Tonemapper.GrainQuantization:1]]
[2020.09.17-16.15.12:561][  0]LogConfig: Setting CVar [[r.LightShaftQuality:1]]
[2020.09.17-16.15.12:562][  0]LogConfig: Setting CVar [[r.Filter.SizeScale:1]]
[2020.09.17-16.15.12:562][  0]LogConfig: Setting CVar [[r.Tonemapper.Quality:5]]
[2020.09.17-16.15.12:562][  0]LogConfig: Setting CVar [[r.DOF.Gather.AccumulatorQuality:1        ; higher gathering accumulator quality]]
[2020.09.17-16.15.12:562][  0]LogConfig: Setting CVar [[r.DOF.Gather.PostfilterMethod:1          ; Median3x3 postfilering method]]
[2020.09.17-16.15.12:562][  0]LogConfig: Setting CVar [[r.DOF.Gather.EnableBokehSettings:0       ; no bokeh simulation when gathering]]
[2020.09.17-16.15.12:562][  0]LogConfig: Setting CVar [[r.DOF.Gather.RingCount:4                 ; medium number of samples when gathering]]
[2020.09.17-16.15.12:562][  0]LogConfig: Setting CVar [[r.DOF.Scatter.ForegroundCompositing:1    ; additive foreground scattering]]
[2020.09.17-16.15.12:562][  0]LogConfig: Setting CVar [[r.DOF.Scatter.BackgroundCompositing:2    ; additive background scattering]]
[2020.09.17-16.15.12:562][  0]LogConfig: Setting CVar [[r.DOF.Scatter.EnableBokehSettings:1      ; bokeh simulation when scattering]]
[2020.09.17-16.15.12:562][  0]LogConfig: Setting CVar [[r.DOF.Scatter.MaxSpriteRatio:0.1         ; only a maximum of 10% of scattered bokeh]]
[2020.09.17-16.15.12:562][  0]LogConfig: Setting CVar [[r.DOF.Recombine.Quality:1                ; cheap slight out of focus]]
[2020.09.17-16.15.12:562][  0]LogConfig: Setting CVar [[r.DOF.Recombine.EnableBokehSettings:0    ; no bokeh simulation on slight out of focus]]
[2020.09.17-16.15.12:562][  0]LogConfig: Setting CVar [[r.DOF.TemporalAAQuality:1                ; more stable temporal accumulation]]
[2020.09.17-16.15.12:562][  0]LogConfig: Setting CVar [[r.DOF.Kernel.MaxForegroundRadius:0.025]]
[2020.09.17-16.15.12:562][  0]LogConfig: Setting CVar [[r.DOF.Kernel.MaxBackgroundRadius:0.025]]
[2020.09.17-16.15.12:562][  0]LogConfig: Applying CVar settings from Section [TextureQuality@3] File [D:/UEprojet/Project-Dimensions-of-horror/TheyLive 4.25/Saved/Config/Windows/Scalability.ini]
[2020.09.17-16.15.12:562][  0]LogConfig: Setting CVar [[r.Streaming.MipBias:0]]
[2020.09.17-16.15.12:562][  0]LogConfig: Setting CVar [[r.Streaming.AmortizeCPUToGPUCopy:0]]
[2020.09.17-16.15.12:562][  0]LogConfig: Setting CVar [[r.Streaming.MaxNumTexturesToStreamPerFrame:0]]
[2020.09.17-16.15.12:562][  0]LogConfig: Setting CVar [[r.Streaming.Boost:1]]
[2020.09.17-16.15.12:562][  0]LogConfig: Setting CVar [[r.MaxAnisotropy:8]]
[2020.09.17-16.15.12:562][  0]LogConfig: Setting CVar [[r.VT.MaxAnisotropy:8]]
[2020.09.17-16.15.12:562][  0]LogConfig: Setting CVar [[r.Streaming.LimitPoolSizeToVRAM:0]]
[2020.09.17-16.15.12:562][  0]LogConfig: Setting CVar [[r.Streaming.PoolSize:1000]]
[2020.09.17-16.15.12:562][  0]LogConfig: Setting CVar [[r.Streaming.MaxEffectiveScreenSize:0]]
[2020.09.17-16.15.12:562][  0]LogConfig: Applying CVar settings from Section [EffectsQuality@3] File [D:/UEprojet/Project-Dimensions-of-horror/TheyLive 4.25/Saved/Config/Windows/Scalability.ini]
[2020.09.17-16.15.12:562][  0]LogConfig: Setting CVar [[r.TranslucencyLightingVolumeDim:64]]
[2020.09.17-16.15.12:562][  0]LogConfig: Setting CVar [[r.RefractionQuality:2]]
[2020.09.17-16.15.12:562][  0]LogConfig: Setting CVar [[r.SSR.Quality:3]]
[2020.09.17-16.15.12:562][  0]LogConfig: Setting CVar [[r.SSR.HalfResSceneColor:0]]
[2020.09.17-16.15.12:562][  0]LogConfig: Setting CVar [[r.SceneColorFormat:4]]
[2020.09.17-16.15.12:562][  0]LogConfig: Setting CVar [[r.DetailMode:2]]
[2020.09.17-16.15.12:562][  0]LogConfig: Setting CVar [[r.TranslucencyVolumeBlur:1]]
[2020.09.17-16.15.12:562][  0]LogConfig: Setting CVar [[r.MaterialQualityLevel:1 ; High quality]]
[2020.09.17-16.15.12:562][  0]LogConfig: Setting CVar [[r.SSS.Scale:1]]
[2020.09.17-16.15.12:562][  0]LogConfig: Setting CVar [[r.SSS.SampleSet:2]]
[2020.09.17-16.15.12:562][  0]LogConfig: Setting CVar [[r.SSS.Quality:1]]
[2020.09.17-16.15.12:562][  0]LogConfig: Setting CVar [[r.SSS.HalfRes:0]]
[2020.09.17-16.15.12:562][  0]LogConfig: Setting CVar [[r.SSGI.Quality:3]]
[2020.09.17-16.15.12:562][  0]LogConfig: Setting CVar [[r.EmitterSpawnRateScale:1.0]]
[2020.09.17-16.15.12:562][  0]LogConfig: Setting CVar [[r.ParticleLightQuality:2]]
[2020.09.17-16.15.12:562][  0]LogConfig: Setting CVar [[r.SkyAtmosphere.AerialPerspectiveLUT.FastApplyOnOpaque:1 ; Always have FastSkyLUT 1 in this case to avoid wrong sky]]
[2020.09.17-16.15.12:562][  0]LogConfig: Setting CVar [[r.SkyAtmosphere.AerialPerspectiveLUT.SampleCountPerSlice:1]]
[2020.09.17-16.15.12:562][  0]LogConfig: Setting CVar [[r.SkyAtmosphere.AerialPerspectiveLUT.DepthResolution:16.0]]
[2020.09.17-16.15.12:562][  0]LogConfig: Setting CVar [[r.SkyAtmosphere.FastSkyLUT:1]]
[2020.09.17-16.15.12:562][  0]LogConfig: Setting CVar [[r.SkyAtmosphere.FastSkyLUT.SampleCountMin:4.0]]
[2020.09.17-16.15.12:562][  0]LogConfig: Setting CVar [[r.SkyAtmosphere.FastSkyLUT.SampleCountMax:32.0]]
[2020.09.17-16.15.12:562][  0]LogConfig: Setting CVar [[r.SkyAtmosphere.SampleCountMin:4.0]]
[2020.09.17-16.15.12:562][  0]LogConfig: Setting CVar [[r.SkyAtmosphere.SampleCountMax:32.0]]
[2020.09.17-16.15.12:562][  0]LogConfig: Setting CVar [[r.SkyAtmosphere.TransmittanceLUT.UseSmallFormat:0]]
[2020.09.17-16.15.12:562][  0]LogConfig: Setting CVar [[r.SkyAtmosphere.TransmittanceLUT.SampleCount:10.0]]
[2020.09.17-16.15.12:562][  0]LogConfig: Setting CVar [[r.SkyAtmosphere.MultiScatteringLUT.SampleCount:15.0]]
[2020.09.17-16.15.12:562][  0]LogConfig: Applying CVar settings from Section [FoliageQuality@3] File [D:/UEprojet/Project-Dimensions-of-horror/TheyLive 4.25/Saved/Config/Windows/Scalability.ini]
[2020.09.17-16.15.12:562][  0]LogConfig: Setting CVar [[foliage.DensityScale:1.0]]
[2020.09.17-16.15.12:562][  0]LogConfig: Setting CVar [[grass.DensityScale:1.0]]
[2020.09.17-16.15.12:562][  0]LogConfig: Applying CVar settings from Section [ShadingQuality@3] File [D:/UEprojet/Project-Dimensions-of-horror/TheyLive 4.25/Saved/Config/Windows/Scalability.ini]
[2020.09.17-16.15.12:562][  0]LogConfig: Setting CVar [[r.HairStrands.SkyLighting.SampleCount:16]]
[2020.09.17-16.15.12:562][  0]LogConfig: Setting CVar [[r.HairStrands.SkyLighting.JitterIntegration:0]]
[2020.09.17-16.15.12:562][  0]LogConfig: Setting CVar [[r.HairStrands.SkyAO.SampleCount:16]]
[2020.09.17-16.15.12:562][  0]LogConfig: Setting CVar [[r.HairStrands.DeepShadow.SuperSampling:0]]
[2020.09.17-16.15.12:562][  0]LogConfig: Setting CVar [[r.HairStrands.VisibilityPPLL:0]]
[2020.09.17-16.15.12:562][  0]LogConfig: Setting CVar [[r.HairStrands.RasterizationScale:0.5]]
[2020.09.17-16.15.12:562][  0]LogConfig: Setting CVar [[r.HairStrands.VelocityRasterizationScale:1]]
[2020.09.17-16.15.12:562][  0]LogConfig: Applying CVar settings from Section [Startup] File [../../../Engine/Config/ConsoleVariables.ini]
[2020.09.17-16.15.12:563][  0]LogConfig: Setting CVar [[net.UseAdaptiveNetUpdateFrequency:0]]
[2020.09.17-16.15.12:563][  0]LogConfig: Setting CVar [[p.chaos.AllowCreatePhysxBodies:1]]
[2020.09.17-16.15.12:563][  0]LogConfig: Setting CVar [[fx.SkipVectorVMBackendOptimizations:1]]
[2020.09.17-16.15.12:563][  0]LogConfig: Applying CVar settings from Section [ConsoleVariables] File [D:/UEprojet/Project-Dimensions-of-horror/TheyLive 4.25/Saved/Config/Windows/Engine.ini]
[2020.09.17-16.15.12:563][  0]LogInit: Computer: MSI
[2020.09.17-16.15.12:563][  0]LogInit: User: FX22k
[2020.09.17-16.15.12:563][  0]LogInit: CPU Page size=4096, Cores=6
[2020.09.17-16.15.12:563][  0]LogInit: High frequency timer resolution =10.000000 MHz
[2020.09.17-16.15.12:563][  0]LogMemory: Memory total: Physical=15.8GB (16GB approx)
[2020.09.17-16.15.12:563][  0]LogMemory: Platform Memory Stats for Windows
[2020.09.17-16.15.12:563][  0]LogMemory: Process Physical Memory: 115.88 MB used, 115.88 MB peak
[2020.09.17-16.15.12:563][  0]LogMemory: Process Virtual Memory: 113.86 MB used, 113.86 MB peak
[2020.09.17-16.15.12:563][  0]LogMemory: Physical Memory: 8170.60 MB used,  8057.04 MB free, 16227.64 MB total
[2020.09.17-16.15.12:563][  0]LogMemory: Virtual Memory: 5182.18 MB used,  134212544.00 MB free, 134217728.00 MB total
[2020.09.17-16.15.12:838][  0]LogWindows: WindowsPlatformFeatures enabled
[2020.09.17-16.15.12:872][  0]LogInit: Physics initialised using underlying interface: PhysX
[2020.09.17-16.15.12:873][  0]LogInit: Using OS detected language (en-US).
[2020.09.17-16.15.12:873][  0]LogInit: Using OS detected locale (en-US).
[2020.09.17-16.15.12:877][  0]LogTextLocalizationManager: No specific localization for 'en-US' exists, so the 'en' localization will be used.
[2020.09.17-16.15.13:049][  0]LogInit: Setting process to per monitor DPI aware
[2020.09.17-16.15.13:086][  0]LogSlate: New Slate User Created.  User Index 0, Is Virtual User: 0
[2020.09.17-16.15.13:086][  0]LogSlate: Slate User Registered.  User Index 0, Is Virtual User: 0
[2020.09.17-16.15.13:260][  0]LogHMD: Failed to initialize OpenVR with code 110
[2020.09.17-16.15.13:260][  0]LogD3D11RHI: D3D11 min allowed feature level: 11_0
[2020.09.17-16.15.13:260][  0]LogD3D11RHI: D3D11 max allowed feature level: 11_0
[2020.09.17-16.15.13:260][  0]LogD3D11RHI: D3D11 adapters:
[2020.09.17-16.15.13:343][  0]LogD3D11RHI:    0. 'NVIDIA GeForce RTX 2080' (Feature Level 11_0)
[2020.09.17-16.15.13:343][  0]LogD3D11RHI:       8010/0/8113 MB DedicatedVideo/DedicatedSystem/SharedSystem, Outputs:1, VendorId:0x10de
[2020.09.17-16.15.13:368][  0]LogD3D11RHI:    1. 'Intel(R) UHD Graphics 630' (Feature Level 11_0)
[2020.09.17-16.15.13:368][  0]LogD3D11RHI:       128/0/8113 MB DedicatedVideo/DedicatedSystem/SharedSystem, Outputs:0, VendorId:0x8086
[2020.09.17-16.15.13:371][  0]LogD3D11RHI:    2. 'Microsoft Basic Render Driver' (Feature Level 11_0)
[2020.09.17-16.15.13:371][  0]LogD3D11RHI:       0/0/8113 MB DedicatedVideo/DedicatedSystem/SharedSystem, Outputs:0, VendorId:0x1414
[2020.09.17-16.15.13:371][  0]LogD3D11RHI: Chosen D3D11 Adapter: 0
[2020.09.17-16.15.13:409][  0]LogD3D11RHI: Creating new Direct3DDevice
[2020.09.17-16.15.13:409][  0]LogD3D11RHI:     GPU DeviceId: 0x1e90 (for the marketing name, search the web for "GPU Device Id")
[2020.09.17-16.15.13:409][  0]LogWindows: EnumDisplayDevices:
[2020.09.17-16.15.13:409][  0]LogWindows:    0. 'Intel(R) UHD Graphics 630' (P:1 D:1)
[2020.09.17-16.15.13:409][  0]LogWindows:    1. 'Intel(R) UHD Graphics 630' (P:0 D:0)
[2020.09.17-16.15.13:409][  0]LogWindows:    2. 'Intel(R) UHD Graphics 630' (P:0 D:0)
[2020.09.17-16.15.13:410][  0]LogWindows:    3. 'NVIDIA GeForce RTX 2080' (P:0 D:0)
[2020.09.17-16.15.13:410][  0]LogWindows:    4. 'NVIDIA GeForce RTX 2080' (P:0 D:0)
[2020.09.17-16.15.13:410][  0]LogWindows:    5. 'NVIDIA GeForce RTX 2080' (P:0 D:0)
[2020.09.17-16.15.13:411][  0]LogWindows:    6. 'NVIDIA GeForce RTX 2080' (P:0 D:0)
[2020.09.17-16.15.13:411][  0]LogWindows: DebugString: PrimaryIsNotTheChoosenAdapter PrimaryIsNotTheChoosenAdapter PrimaryIsNotTheChoosenAdapter FoundDriverCount:4 
[2020.09.17-16.15.13:411][  0]LogD3D11RHI:     Adapter Name: NVIDIA GeForce RTX 2080
[2020.09.17-16.15.13:411][  0]LogD3D11RHI:   Driver Version: 445.75 (internal:26.21.14.4575, unified:445.75)
[2020.09.17-16.15.13:411][  0]LogD3D11RHI:      Driver Date: 3-17-2020
[2020.09.17-16.15.13:411][  0]LogRHI: Texture pool is 5607 MB (70% of 8010 MB)
[2020.09.17-16.15.13:455][  0]LogD3D11RHI: RHI has support for 64 bit atomics
[2020.09.17-16.15.13:458][  0]LogD3D11RHI: [Aftermath] Enabled and primed
[2020.09.17-16.15.13:458][  0]LogD3D11RHI: Async texture creation enabled
[2020.09.17-16.15.13:458][  0]LogD3D11RHI: Array index from any shader is supported
[2020.09.17-16.15.13:480][  0]LogD3D11RHI: GPU Timing Frequency: 1000.000000 (Debug: 2 1)
[2020.09.17-16.15.13:844][  0]LogTargetPlatformManager: Display: Loaded TargetPlatform 'AllDesktop'
[2020.09.17-16.15.13:864][  0]LogTargetPlatformManager: Display: Loaded TargetPlatform 'Android'
[2020.09.17-16.15.13:864][  0]LogTargetPlatformManager: Display: Loaded TargetPlatform 'Android_ASTC'
[2020.09.17-16.15.13:864][  0]LogTargetPlatformManager: Display: Loaded TargetPlatform 'Android_DXT'
[2020.09.17-16.15.13:864][  0]LogTargetPlatformManager: Display: Loaded TargetPlatform 'Android_ETC2'
[2020.09.17-16.15.13:864][  0]LogTargetPlatformManager: Display: Loaded TargetPlatform 'AndroidClient'
[2020.09.17-16.15.13:864][  0]LogTargetPlatformManager: Display: Loaded TargetPlatform 'Android_ASTCClient'
[2020.09.17-16.15.13:864][  0]LogTargetPlatformManager: Display: Loaded TargetPlatform 'Android_DXTClient'
[2020.09.17-16.15.13:864][  0]LogTargetPlatformManager: Display: Loaded TargetPlatform 'Android_ETC2Client'
[2020.09.17-16.15.13:864][  0]LogTargetPlatformManager: Display: Loaded TargetPlatform 'Android_Multi'
[2020.09.17-16.15.13:864][  0]LogTargetPlatformManager: Display: Loaded TargetPlatform 'Android_MultiClient'
[2020.09.17-16.15.13:885][  0]LogTargetPlatformManager: Display: Loaded TargetPlatform 'IOSClient'
[2020.09.17-16.15.13:885][  0]LogTargetPlatformManager: Display: Loaded TargetPlatform 'IOS'
[2020.09.17-16.15.13:895][  0]LogTargetPlatformManager: Display: Loaded TargetPlatform 'Linux'
[2020.09.17-16.15.13:904][  0]LogTargetPlatformManager: Display: Loaded TargetPlatform 'LinuxNoEditor'
[2020.09.17-16.15.13:911][  0]LogTargetPlatformManager: Display: Loaded TargetPlatform 'LinuxClient'
[2020.09.17-16.15.13:920][  0]LogTargetPlatformManager: Display: Loaded TargetPlatform 'LinuxServer'
[2020.09.17-16.15.13:929][  0]LogTargetPlatformManager: Display: Loaded TargetPlatform 'LinuxAArch64NoEditor'
[2020.09.17-16.15.13:938][  0]LogTargetPlatformManager: Display: Loaded TargetPlatform 'LinuxAArch64Client'
[2020.09.17-16.15.13:946][  0]LogTargetPlatformManager: Display: Loaded TargetPlatform 'LinuxAArch64Server'
[2020.09.17-16.15.13:972][  0]LogTargetPlatformManager: Display: Loaded TargetPlatform 'Lumin'
[2020.09.17-16.15.13:972][  0]LogTargetPlatformManager: Display: Loaded TargetPlatform 'LuminClient'
[2020.09.17-16.15.13:987][  0]LogTargetPlatformManager: Display: Loaded TargetPlatform 'TVOSClient'
[2020.09.17-16.15.13:987][  0]LogTargetPlatformManager: Display: Loaded TargetPlatform 'TVOS'
[2020.09.17-16.15.13:995][  0]LogTargetPlatformManager: Display: Loaded TargetPlatform 'WindowsNoEditor'
[2020.09.17-16.15.14:003][  0]LogTargetPlatformManager: Display: Loaded TargetPlatform 'Windows'
[2020.09.17-16.15.14:013][  0]LogTargetPlatformManager: Display: Loaded TargetPlatform 'WindowsClient'
[2020.09.17-16.15.14:021][  0]LogTargetPlatformManager: Display: Loaded TargetPlatform 'WindowsServer'
[2020.09.17-16.15.14:021][  0]LogTargetPlatformManager: Display: Building Assets For Windows
[2020.09.17-16.15.14:029][  0]LogAudioDebug: Display: Lib vorbis DLL was dynamically loaded.
[2020.09.17-16.15.14:088][  0]LogShaderCompilers: Guid format shader working directory is -8 characters bigger than the processId version (D:/UEprojet/Project-Dimensions-of-horror/TheyLive 4.25/Intermediate/Shaders/WorkingDirectory/3056/).
[2020.09.17-16.15.14:088][  0]LogShaderCompilers: Cleaned the shader compiler working directory 'C:/Users/FX22k/AppData/Local/Temp/UnrealShaderWorkingDir/0BFD97434B2F2DE9E61316A0BB01D8DA/'.
[2020.09.17-16.15.14:088][  0]LogXGEController: Cleaning working directory: C:/Users/FX22k/AppData/Local/Temp/UnrealXGEWorkingDir/
[2020.09.17-16.15.14:089][  0]LogXGEController: Cannot use XGE Controller as Incredibuild is not installed on this machine.
[2020.09.17-16.15.14:089][  0]LogShaderCompilers: Cannot use XGE Shader Compiler as Incredibuild is not installed on this machine.
[2020.09.17-16.15.14:089][  0]LogShaderCompilers: Display: Using Local Shader Compiler.
[2020.09.17-16.15.14:767][  0]LogDerivedDataCache: Display: Max Cache Size: 512 MB
[2020.09.17-16.15.14:819][  0]LogDerivedDataCache: Loaded boot cache 0.05s 75MB C:/Users/FX22k/AppData/Local/UnrealEngine/4.25/DerivedDataCache/Boot.ddc.
[2020.09.17-16.15.14:819][  0]LogDerivedDataCache: Display: Loaded Boot cache: C:/Users/FX22k/AppData/Local/UnrealEngine/4.25/DerivedDataCache/Boot.ddc
[2020.09.17-16.15.14:821][  0]LogDerivedDataCache: FDerivedDataBackendGraph:  Pak pak cache file D:/UEprojet/Project-Dimensions-of-horror/TheyLive 4.25/DerivedDataCache/DDC.ddp not found, will not use a pak cache.
[2020.09.17-16.15.14:821][  0]LogDerivedDataCache: Unable to find inner node Pak for hierarchical cache Hierarchy.
[2020.09.17-16.15.14:821][  0]LogDerivedDataCache: FDerivedDataBackendGraph:  CompressedPak pak cache file D:/UEprojet/Project-Dimensions-of-horror/TheyLive 4.25/DerivedDataCache/Compressed.ddp not found, will not use a pak cache.
[2020.09.17-16.15.14:821][  0]LogDerivedDataCache: Unable to find inner node CompressedPak for hierarchical cache Hierarchy.
[2020.09.17-16.15.14:830][  0]LogDerivedDataCache: Display: Pak cache opened for reading ../../../Engine/DerivedDataCache/Compressed.ddp.
[2020.09.17-16.15.14:830][  0]LogDerivedDataCache: FDerivedDataBackendGraph:  EnterprisePak pak cache file ../../../Enterprise/DerivedDataCache/Compressed.ddp not found, will not use a pak cache.
[2020.09.17-16.15.14:830][  0]LogDerivedDataCache: Unable to find inner node EnterprisePak for hierarchical cache Hierarchy.
[2020.09.17-16.15.14:831][  0]LogDerivedDataCache: Using Local data cache path C:/Users/FX22k/AppData/Local/UnrealEngine/Common/DerivedDataCache: Writable
[2020.09.17-16.15.14:831][  0]LogDerivedDataCache: Shared data cache path not found in *engine.ini, will not use an Shared cache.
[2020.09.17-16.15.14:832][  0]LogDerivedDataCache: Unable to find inner node Shared for hierarchical cache Hierarchy.
[2020.09.17-16.15.14:876][  0]LogSlate: Using FreeType 2.10.0
[2020.09.17-16.15.14:877][  0]LogSlate: SlateFontServices - WITH_FREETYPE: 1, WITH_HARFBUZZ: 1
[2020.09.17-16.15.14:899][  0]LogAssetRegistry: FAssetRegistry took 0.0024 seconds to start up
[2020.09.17-16.15.15:127][  0]LogInit: Selected Device Profile: [Windows]
[2020.09.17-16.15.15:229][  0]LogMeshReduction: Using QuadricMeshReduction for automatic static mesh reduction
[2020.09.17-16.15.15:229][  0]LogMeshReduction: Using SimplygonMeshReduction for automatic skeletal mesh reduction
[2020.09.17-16.15.15:229][  0]LogMeshReduction: Using ProxyLODMeshReduction for automatic mesh merging
[2020.09.17-16.15.15:229][  0]LogMeshReduction: No distributed automatic mesh merging module available
[2020.09.17-16.15.15:229][  0]LogMeshMerging: No distributed automatic mesh merging module available
[2020.09.17-16.15.15:242][  0]LogNetVersion: TheyLive 1.0.0, NetCL: 13144385, EngineNetVer: 14, GameNetVer: 0 (Checksum: 1881850289)
[2020.09.17-16.15.15:628][  0]LogAISub: UAISubsystem::UAISubsystem AISubsystem (0000015E5AAEB880), frame # 0
[2020.09.17-16.15.15:628][  0]LogAISub: UAISubsystem::UAISubsystem AIPerceptionSystem (0000015E5AAF2AC0), frame # 0
[2020.09.17-16.15.15:629][  0]LogAISub: UAISubsystem::UAISubsystem EnvQueryManager (0000015E5AB4A000), frame # 0
[2020.09.17-16.15.15:707][  0]LogPackageLocalizationCache: Processed 19 localized package path(s) for 1 prioritized culture(s) in 0.071978 seconds
[2020.09.17-16.15.15:711][  0]LogUObjectArray: 15917 objects as part of root set at end of initial load.
[2020.09.17-16.15.15:711][  0]LogUObjectAllocator: 3965568 out of 0 bytes used by permanent object pool.
[2020.09.17-16.15.15:711][  0]LogUObjectArray: CloseDisregardForGC: 0/0 objects in disregard for GC pool
[2020.09.17-16.15.16:018][  0]LogTcpMessaging: Initializing TcpMessaging bridge
[2020.09.17-16.15.16:022][  0]LogUdpMessaging: Initializing bridge on interface 0.0.0.0:0 to multicast group 230.0.0.1:6666.
[2020.09.17-16.15.16:099][  0]SourceControl: Source control is disabled
[2020.09.17-16.15.16:099][  0]SourceControl: Source control is disabled
[2020.09.17-16.15.16:103][  0]SourceControl: Source control is disabled
[2020.09.17-16.15.16:105][  0]SourceControl: Source control is disabled
[2020.09.17-16.15.16:111][  0]SourceControl: Source control is disabled
[2020.09.17-16.15.16:329][  0]LogAndroidPermission: UAndroidPermissionCallbackProxy::GetInstance
[2020.09.17-16.15.16:347][  0]LogAudioCaptureCore: Display: No Audio Capture implementations found. Audio input will be silent.
[2020.09.17-16.15.16:347][  0]LogAudioCaptureCore: Display: No Audio Capture implementations found. Audio input will be silent.
[2020.09.17-16.15.16:397][  0]LogOcInput: OculusInput pre-init called
[2020.09.17-16.15.16:407][  0]LogWindows: Failed to load 'OVRPlugin.dll' (GetLastError=126)
[2020.09.17-16.15.16:407][  0]LogWindows: File 'OVRPlugin.dll' does not exist
[2020.09.17-16.15.16:460][  0]LogEngine: Initializing Engine...
[2020.09.17-16.15.16:461][  0]LogHMD: Failed to initialize OpenVR with code 110
[2020.09.17-16.15.16:461][  0]LogMagicLeap: Warning: VR disabled because ZI is not enabled.  To enable, in the editor, Edit -> Project Settings -> Plugins -> Magic Leap Plugin -> Enable Zero Iteration
[2020.09.17-16.15.16:462][  0]LogStats: UGameplayTagsManager::InitializeManager -  0.000 s
[2020.09.17-16.15.16:568][  0]LogInit: Initializing FReadOnlyCVARCache
[2020.09.17-16.15.16:575][  0]LogAIModule: Creating AISystem for world Untitled
[2020.09.17-16.15.16:575][  0]LogAISub: UAISubsystem::UAISubsystem EnvQueryManager (0000015E5CA80800), frame # 0
[2020.09.17-16.15.16:575][  0]LogAISub: UAISubsystem::UAISubsystem AIPerceptionSystem (0000015E5CA2BB00), frame # 0
[2020.09.17-16.15.16:594][  0]LogAudioMixer: Display: Audio Mixer Platform Settings:
[2020.09.17-16.15.16:594][  0]LogAudioMixer: Display: 	Sample Rate:						  48000
[2020.09.17-16.15.16:594][  0]LogAudioMixer: Display: 	Callback Buffer Frame Size Requested: 1024
[2020.09.17-16.15.16:594][  0]LogAudioMixer: Display: 	Callback Buffer Frame Size To Use:	  1024
[2020.09.17-16.15.16:594][  0]LogAudioMixer: Display: 	Number of buffers to queue:			  2
[2020.09.17-16.15.16:594][  0]LogAudioMixer: Display: 	Max Channels (voices):				  32
[2020.09.17-16.15.16:594][  0]LogAudioMixer: Display: 	Number of Async Source Workers:		  0
[2020.09.17-16.15.16:594][  0]LogAudio: Display: AudioDevice MaxSources: 32
[2020.09.17-16.15.16:595][  0]LogAudio: Display: Using built-in audio occlusion.
[2020.09.17-16.15.16:595][  0]LogAudioMixer: Display: Initializing audio mixer.
[2020.09.17-16.15.16:700][  0]LogAudioMixer: Display: 0: FrontLeft
[2020.09.17-16.15.16:700][  0]LogAudioMixer: Display: 1: FrontRight
[2020.09.17-16.15.16:700][  0]LogAudioMixer: Display: 2: FrontCenter
[2020.09.17-16.15.16:700][  0]LogAudioMixer: Display: 3: LowFrequency
[2020.09.17-16.15.16:700][  0]LogAudioMixer: Display: 4: BackLeft
[2020.09.17-16.15.16:700][  0]LogAudioMixer: Display: 5: BackRight
[2020.09.17-16.15.16:700][  0]LogAudioMixer: Display: 6: SideLeft
[2020.09.17-16.15.16:700][  0]LogAudioMixer: Display: 7: SideRight
[2020.09.17-16.15.16:991][  0]LogAudioMixer: Display: Using Audio Device Speakers (Realtek(R) Audio)
[2020.09.17-16.15.16:994][  0]LogAudioMixer: Display: Initializing Sound Submixes...
[2020.09.17-16.15.16:997][  0]LogAudioMixer: Display: Creating Master Submix 'MasterSubmixDefault'
[2020.09.17-16.15.16:997][  0]LogAudioMixer: Display: Creating Master Submix 'MasterReverbSubmixDefault'
[2020.09.17-16.15.16:997][  0]LogAudioMixer: Display: Creating Master Submix 'MasterEQSubmixDefault'
[2020.09.17-16.15.16:999][  0]LogInit: FAudioDevice initialized.
[2020.09.17-16.15.16:999][  0]LogNetVersion: Set ProjectVersion to 1.0.0.0. Version Checksum will be recalculated on next use.
[2020.09.17-16.15.17:058][  0]LogDerivedDataCache: Saved boot cache 0.06s 75MB C:/Users/FX22k/AppData/Local/UnrealEngine/4.25/DerivedDataCache/Boot.ddc.
[2020.09.17-16.15.17:063][  0]LogInit: Texture streaming: Enabled
[2020.09.17-16.15.17:081][  0]LogEngineSessionManager: EngineSessionManager initialized
[2020.09.17-16.15.17:081][  0]LogEditorSessionSummary: Verbose: Initializing EditorSessionSummaryWriter for editor session tracking
[2020.09.17-16.15.17:085][  0]LogEditorSessionSummary: EditorSessionSummaryWriter initialized
[2020.09.17-16.15.17:160][  0]LogInit: Transaction tracking system initialized
[2020.09.17-16.15.17:179][  0]BlueprintLog: New page: Editor Load
[2020.09.17-16.15.17:239][  0]LocalizationService: Localization service is disabled
[2020.09.17-16.15.17:389][  0]LogCook: Display: Max memory allowance for cook 16384mb min free memory 0mb
[2020.09.17-16.15.17:389][  0]LogCook: Display: Mobile HDR setting 1
[2020.09.17-16.15.17:506][  0]LogFileCache: Scanning file cache for directory 'D:/UEprojet/Project-Dimensions-of-horror/TheyLive 4.25/Content/' took 0.06s
[2020.09.17-16.15.17:692][  0]SourceControl: Source control is disabled
[2020.09.17-16.15.17:692][  0]LogUnrealEdMisc: Loading editor; pre map load, took 8.276
[2020.09.17-16.15.17:692][  0]Cmd: MAP LOAD FILE="D:/UEprojet/Project-Dimensions-of-horror/TheyLive 4.25/Content/Maps/CaveLevel.umap" TEMPLATE=0 SHOWPROGRESS=1 FEATURELEVEL=3
[2020.09.17-16.15.17:697][  0]LightingResults: New page: Lighting Build
[2020.09.17-16.15.17:698][  0]LogWorld: UWorld::CleanupWorld for Untitled, bSessionEnded=true, bCleanupResources=true
[2020.09.17-16.15.17:698][  0]LogSlate: InvalidateAllWidgets triggered.  All widgets were invalidated
[2020.09.17-16.15.17:698][  0]MapCheck: New page: Map Check
[2020.09.17-16.15.17:698][  0]LightingResults: New page: Lighting Build
[2020.09.17-16.15.17:707][  0]LogAISub: UAISubsystem::~UAISubsystem EnvQueryManager (0000015E5CA80800), frame # 0
[2020.09.17-16.15.17:708][  0]LogAISub: UAISubsystem::~UAISubsystem AIPerceptionSystem (0000015E5CA2BB00), frame # 0
[2020.09.17-16.15.17:708][  0]LogUObjectHash: Compacting FUObjectHashTables data took   0.56ms
[2020.09.17-16.15.20:746][  0]LogLinker: Warning: While loading 'D:/UEprojet/Project-Dimensions-of-horror/TheyLive 4.25/Content/PN_interactiveSpruceForest/Materials/MasterMaterials/MA_Summer.uasset' failed to load '/Game/PN_interactiveSpruceForest/Textures/MasterTextures/ModelTextures/Bark_N': Can't find file.
[2020.09.17-16.15.20:746][  0]LogLinker: Warning: While loading 'D:/UEprojet/Project-Dimensions-of-horror/TheyLive 4.25/Content/PN_interactiveSpruceForest/Materials/MasterMaterials/MA_Summer.uasset' failed to load '/Game/PN_interactiveSpruceForest/Textures/MasterTextures/ModelTextures/Bark_N': Can't find file.
[2020.09.17-16.15.20:781][  0]LogLinker: Warning: While loading 'D:/UEprojet/Project-Dimensions-of-horror/TheyLive 4.25/Content/PN_interactiveSpruceForest/Materials/MasterMaterials/MA_Summer.uasset' failed to load '/Game/PN_interactiveSpruceForest/Textures/MasterTextures/ModelTextures/Bark_N': Can't find file.
[2020.09.17-16.15.20:781][  0]LogLinker: Warning: While loading 'D:/UEprojet/Project-Dimensions-of-horror/TheyLive 4.25/Content/PN_interactiveSpruceForest/Materials/MasterMaterials/MA_Summer.uasset' failed to load '/Game/PN_interactiveSpruceForest/Textures/MasterTextures/ModelTextures/Bark_N': Can't find file.
[2020.09.17-16.15.21:540][  0]LogLinker: Warning: While loading 'D:/UEprojet/Project-Dimensions-of-horror/TheyLive 4.25/Content/PN_interactiveSpruceForest/Materials/MasterMaterials/MA_Summer.uasset' failed to load '/Game/PN_interactiveSpruceForest/Textures/MasterTextures/ModelTextures/Bark_N': Can't find file.
[2020.09.17-16.15.21:540][  0]LoadErrors: Failed to load /Game/PN_interactiveSpruceForest/Textures/MasterTextures/ModelTextures/Bark_N.Bark_N Referenced by MaterialExpressionTextureSample_9
[2020.09.17-16.15.21:540][  0]LogLinker: Warning: While loading 'D:/UEprojet/Project-Dimensions-of-horror/TheyLive 4.25/Content/PN_interactiveSpruceForest/Materials/MasterMaterials/MA_Summer.uasset' failed to load '/Game/PN_interactiveSpruceForest/Textures/MasterTextures/ModelTextures/Bark_N': Can't find file.
[2020.09.17-16.15.21:540][  0]LoadErrors: Failed to load /Game/PN_interactiveSpruceForest/Textures/MasterTextures/ModelTextures/Bark_N.Bark_N Referenced by MaterialExpressionTextureSample_9
[2020.09.17-16.15.23:453][  0]LogMaterial: Display: Missing cached shader map for material MA_Summer, compiling. 
[2020.09.17-16.15.23:470][  0]LogMaterial: Warning: D:\UEprojet\Project-Dimensions-of-horror\TheyLive 4.25\Content\PN_interactiveSpruceForest\Materials\MaterialInstances\full\high\spruce_full_03_trunk.uasset: Failed to compile Material Instance with Base MA_Summer for platform PCD3D_SM5, Default Material will be used in game.
[2020.09.17-16.15.23:470][  0]LogMaterial: Display: 	(Node TextureSample) Texture Sample> Missing input texture
[2020.09.17-16.15.23:470][  0]LogMaterial: Display: 	(Node MakeMaterialAttributes) Error on property Normal
[2020.09.17-16.15.23:501][  0]LogMaterial: Display: Missing cached shader map for material MA_Summer, compiling. 
[2020.09.17-16.15.23:517][  0]LogMaterial: Warning: D:\UEprojet\Project-Dimensions-of-horror\TheyLive 4.25\Content\PN_interactiveSpruceForest\Materials\MaterialInstances\full\high\spruce_full_02_trunk.uasset: Failed to compile Material Instance with Base MA_Summer for platform PCD3D_SM5, Default Material will be used in game.
[2020.09.17-16.15.23:517][  0]LogMaterial: Display: 	(Node TextureSample) Texture Sample> Missing input texture
[2020.09.17-16.15.23:518][  0]LogMaterial: Display: 	(Node MakeMaterialAttributes) Error on property Normal
[2020.09.17-16.15.23:584][  0]LogMaterial: Display: Missing cached shader map for material MA_Summer, compiling. 
[2020.09.17-16.15.23:601][  0]LogMaterial: Warning: D:\UEprojet\Project-Dimensions-of-horror\TheyLive 4.25\Content\PN_interactiveSpruceForest\Materials\MaterialInstances\full\high\spruce_full_01_trunk.uasset: Failed to compile Material Instance with Base MA_Summer for platform PCD3D_SM5, Default Material will be used in game.
[2020.09.17-16.15.23:602][  0]LogMaterial: Display: 	(Node TextureSample) Texture Sample> Missing input texture
[2020.09.17-16.15.23:602][  0]LogMaterial: Display: 	(Node MakeMaterialAttributes) Error on property Normal
[2020.09.17-16.15.23:920][  0]LogAIModule: Creating AISystem for world CaveLevel
[2020.09.17-16.15.23:920][  0]LogAISub: UAISubsystem::UAISubsystem EnvQueryManager (0000015E012EF600), frame # 0
[2020.09.17-16.15.23:920][  0]LogAISub: UAISubsystem::UAISubsystem AIPerceptionSystem (0000015E52DC0B80), frame # 0
[2020.09.17-16.15.24:360][  0]LogEditorServer: Finished looking for orphan Actors (0.000 secs)
[2020.09.17-16.15.24:523][  0]LogUObjectHash: Compacting FUObjectHashTables data took   1.69ms
[2020.09.17-16.15.24:524][  0]Cmd: MAP CHECKDEP NOCLEARLOG
[2020.09.17-16.15.24:524][  0]MapCheck: Map check complete: 0 Error(s), 0 Warning(s), took 0.191ms to complete.
[2020.09.17-16.15.24:524][  0]LogFileHelpers: Loading map 'CaveLevel' took 6.832
[2020.09.17-16.15.24:527][  0]LogUnrealEdMisc: Total Editor Startup Time, took 15.111
[2020.09.17-16.15.24:683][  0]LogSlate: Updating window title bar state: overlay mode, drag disabled, window buttons hidden, title bar hidden
[2020.09.17-16.15.24:699][  0]LogCollectionManager: Loaded 0 collections in 0.002437 seconds
[2020.09.17-16.15.24:717][  0]LogFileCache: Scanning file cache for directory 'D:/UEprojet/Project-Dimensions-of-horror/TheyLive 4.25/Saved/Collections/' took 0.00s
[2020.09.17-16.15.24:717][  0]LogFileCache: Scanning file cache for directory 'D:/UEprojet/Project-Dimensions-of-horror/TheyLive 4.25/Content/Developers/FX22k/Collections/' took 0.00s
[2020.09.17-16.15.24:717][  0]LogFileCache: Scanning file cache for directory 'D:/UEprojet/Project-Dimensions-of-horror/TheyLive 4.25/Content/Collections/' took 0.00s
[2020.09.17-16.15.24:717][  0]LogContentBrowser: Native class hierarchy populated in 0.0094 seconds. Added 3427 classes and 821 folders.
[2020.09.17-16.15.24:720][  0]LogContentBrowser: Native class hierarchy updated for 'WidgetCarousel' in 0.0003 seconds. Added 0 classes and 0 folders.
[2020.09.17-16.15.25:169][  0]LogContentBrowser: Native class hierarchy updated for 'AddContentDialog' in 0.0003 seconds. Added 0 classes and 0 folders.
[2020.09.17-16.15.25:175][  0]LogContentBrowser: Native class hierarchy updated for 'SceneOutliner' in 0.0004 seconds. Added 2 classes and 0 folders.
[2020.09.17-16.15.25:392][  0]LogSlate: Took 0.000234 seconds to synchronously load lazily loaded font '../../../Engine/Content/Slate/Fonts/Roboto-Regular.ttf' (155K)
[2020.09.17-16.15.25:394][  0]LogSlate: Took 0.000197 seconds to synchronously load lazily loaded font '../../../Engine/Content/Slate/Fonts/Roboto-Bold.ttf' (160K)
[2020.09.17-16.15.25:405][  0]LogSlate: Took 0.006329 seconds to synchronously load lazily loaded font '../../../Engine/Content/Editor/Slate/Fonts/FontAwesome.ttf' (139K)
[2020.09.17-16.15.25:571][  0]LogRenderer: Reallocating scene render targets to support 1208x572 Format 10 NumSamples 1 (Frame:1).
[2020.09.17-16.15.25:682][  0]LogSlate: Took 0.009042 seconds to synchronously load lazily loaded font '../../../Engine/Content/Slate/Fonts/Roboto-Light.ttf' (167K)
[2020.09.17-16.15.25:802][  0]LogContentBrowser: Native class hierarchy updated for 'HierarchicalLODOutliner' in 0.0004 seconds. Added 0 classes and 0 folders.
[2020.09.17-16.15.25:802][  0]LogLoad: (Engine Initialization) Total time: 16.39 seconds
[2020.09.17-16.15.25:802][  0]LogLoad: (Engine Initialization) Total Blueprint compile time: 0.00 seconds
[2020.09.17-16.15.25:868][  0]LogContentStreaming: Texture pool size now 1000 MB
[2020.09.17-16.15.26:046][  0]LogSlate: Took 0.007347 seconds to synchronously load lazily loaded font '../../../Engine/Content/Slate/Fonts/DroidSansMono.ttf' (77K)
[2020.09.17-16.15.26:087][  1]LogAssetRegistry: Asset discovery search completed in 11.1892 seconds
[2020.09.17-16.15.26:093][  1]LogCollectionManager: Fixed up redirectors for 0 collections in 0.000002 seconds (updated 0 objects)
[2020.09.17-16.15.30:291][239]LogSlate: Window 'Message Log' being destroyed
[2020.09.17-16.15.30:296][239]LogSlate: Window 'Message Log' being destroyed
[2020.09.17-16.15.54:783][707]LogSlate: Took 0.000162 seconds to synchronously load lazily loaded font '../../../Engine/Content/Slate/Fonts/Roboto-Light.ttf' (167K)
[2020.09.17-16.15.54:805][707]LogAssetEditorSubsystem: Opening Asset editor for WidgetBlueprint /Game/Blueprints/Widgets/PauseMenu.PauseMenu
[2020.09.17-16.15.55:281][707]LogContentBrowser: Native class hierarchy updated for 'BlueprintGraph' in 0.0005 seconds. Added 125 classes and 0 folders.
[2020.09.17-16.15.56:514][707]LogSlate: Took 0.000161 seconds to synchronously load lazily loaded font '../../../Engine/Content/Slate/Fonts/Roboto-BoldCondensed.ttf' (158K)
[2020.09.17-16.16.00:188][913]LogSlate: Window 'PauseMenu' being destroyed
[2020.09.17-16.42.08:200][ 12]LogAudioMixer: Display: Audio Buffer Underrun detected.
[2020.09.17-16.42.08:623][ 13]LogAudioMixer: Display: Audio Buffer Underrun detected.
[2020.09.17-16.42.11:945][ 23]LogAudioMixer: Display: Audio Buffer Underrun detected.
[2020.09.17-16.42.13:616][ 28]LogAudioMixer: Display: Audio Buffer Underrun detected.
[2020.09.17-16.42.15:525][ 33]LogAudioMixer: Display: Audio Buffer Underrun detected.
[2020.09.17-16.42.17:600][ 39]LogAudioMixer: Display: Audio Buffer Underrun detected.
[2020.09.17-16.42.17:600][ 39]LogAudioMixer: Display: Audio Buffer Underrun detected.
[2020.09.17-16.42.18:572][ 42]LogAudioMixer: Display: Audio Buffer Underrun detected.
[2020.09.17-16.42.18:919][ 43]LogAudioMixer: Display: Audio Buffer Underrun detected.
[2020.09.17-16.42.22:757][ 54]LogAudioMixer: Display: Audio Buffer Underrun detected.
[2020.09.17-16.42.23:763][ 57]LogAudioMixer: Display: Audio Buffer Underrun detected.
[2020.09.17-16.42.33:561][ 85]LogAudioMixer: Display: Audio Buffer Underrun detected.
[2020.09.17-16.42.38:542][ 99]LogAudioMixer: Display: Audio Buffer Underrun detected.
[2020.09.17-16.42.41:261][107]LogAudioMixer: Display: Audio Buffer Underrun detected.
[2020.09.17-16.42.42:275][110]LogAudioMixer: Display: Audio Buffer Underrun detected.
[2020.09.17-16.42.44:021][115]LogAudioMixer: Display: Audio Buffer Underrun detected.
[2020.09.17-16.42.44:021][115]LogAudioMixer: Display: Audio Buffer Underrun detected.
[2020.09.17-16.42.44:316][116]LogAudioMixer: Display: Audio Buffer Underrun detected.
[2020.09.17-16.42.44:989][118]LogAudioMixer: Display: Audio Buffer Underrun detected.
[2020.09.17-16.42.45:326][119]LogAudioMixer: Display: Audio Buffer Underrun detected.
[2020.09.17-16.42.45:721][120]LogAudioMixer: Display: Audio Buffer Underrun detected.
[2020.09.17-16.42.46:457][122]LogAudioMixer: Display: Audio Buffer Underrun detected.
[2020.09.17-16.42.48:868][129]LogAudioMixer: Display: Audio Buffer Underrun detected.
[2020.09.17-16.42.50:638][134]LogAudioMixer: Display: Audio Buffer Underrun detected.
[2020.09.17-16.42.50:887][135]LogAudioMixer: Display: Audio Buffer Underrun detected.
[2020.09.17-16.42.52:659][140]LogAudioMixer: Display: Audio Buffer Underrun detected.
[2020.09.17-16.42.55:054][147]LogAudioMixer: Display: Audio Buffer Underrun detected.
[2020.09.17-16.42.57:310][153]LogAudioMixer: Display: Audio Buffer Underrun detected.
[2020.09.17-16.43.01:900][166]LogAudioMixer: Display: Audio Buffer Underrun detected.
[2020.09.17-16.43.02:524][168]LogAudioMixer: Display: Audio Buffer Underrun detected.
[2020.09.17-16.43.04:545][174]LogAudioMixer: Display: Audio Buffer Underrun detected.
[2020.09.17-16.43.05:896][178]LogAudioMixer: Display: Audio Buffer Underrun detected.
[2020.09.17-16.43.06:296][179]LogAudioMixer: Display: Audio Buffer Underrun detected.
[2020.09.17-16.43.07:708][183]LogAudioMixer: Display: Audio Buffer Underrun detected.
[2020.09.17-16.43.09:040][187]LogAudioMixer: Display: Audio Buffer Underrun detected.
[2020.09.17-16.43.10:000][190]LogAudioMixer: Display: Audio Buffer Underrun detected.
[2020.09.17-16.43.10:441][191]LogAudioMixer: Display: Audio Buffer Underrun detected.
[2020.09.17-16.43.12:249][196]LogAudioMixer: Display: Audio Buffer Underrun detected.
[2020.09.17-16.43.16:345][208]LogAudioMixer: Display: Audio Buffer Underrun detected.
[2020.09.17-16.43.17:038][210]LogAudioMixer: Display: Audio Buffer Underrun detected.
[2020.09.17-16.43.19:121][216]LogAudioMixer: Display: Audio Buffer Underrun detected.
[2020.09.17-16.43.21:142][222]LogAudioMixer: Display: Audio Buffer Underrun detected.
[2020.09.17-16.43.21:883][224]LogAudioMixer: Display: Audio Buffer Underrun detected.
[2020.09.17-16.43.22:862][227]LogAudioMixer: Display: Audio Buffer Underrun detected.
[2020.09.17-16.43.25:961][236]LogAudioMixer: Display: Audio Buffer Underrun detected.
[2020.09.17-16.43.26:797][238]LogAudioMixer: Display: Audio Buffer Underrun detected.
[2020.09.17-16.43.28:914][244]LogAudioMixer: Display: Audio Buffer Underrun detected.
[2020.09.17-16.43.29:538][246]LogAudioMixer: Display: Audio Buffer Underrun detected.
[2020.09.17-16.43.30:884][250]LogAudioMixer: Display: Audio Buffer Underrun detected.
[2020.09.17-16.43.31:269][251]LogAudioMixer: Display: Audio Buffer Underrun detected.
[2020.09.17-16.43.31:927][253]LogAudioMixer: Display: Audio Buffer Underrun detected.
[2020.09.17-16.43.33:370][257]LogAudioMixer: Display: Audio Buffer Underrun detected.
[2020.09.17-16.43.37:247][268]LogAudioMixer: Display: Audio Buffer Underrun detected.
[2020.09.17-16.43.37:951][270]LogAudioMixer: Display: Audio Buffer Underrun detected.
[2020.09.17-16.43.38:354][271]LogAudioMixer: Display: Audio Buffer Underrun detected.
[2020.09.17-16.43.42:511][283]LogAudioMixer: Display: Audio Buffer Underrun detected.
[2020.09.17-16.43.44:587][289]LogAudioMixer: Display: Audio Buffer Underrun detected.
[2020.09.17-16.43.45:289][291]LogAudioMixer: Display: Audio Buffer Underrun detected.
[2020.09.17-16.43.45:637][292]LogAudioMixer: Display: Audio Buffer Underrun detected.
[2020.09.17-16.43.46:366][294]LogAudioMixer: Display: Audio Buffer Underrun detected.
[2020.09.17-16.43.47:994][299]LogAudioMixer: Display: Audio Buffer Underrun detected.
[2020.09.17-16.43.49:377][303]LogAudioMixer: Display: Audio Buffer Underrun detected.
[2020.09.17-16.43.51:098][308]LogAudioMixer: Display: Audio Buffer Underrun detected.
[2020.09.17-16.43.53:172][314]LogAudioMixer: Display: Audio Buffer Underrun detected.
[2020.09.17-16.43.59:705][333]LogAudioMixer: Display: Audio Buffer Underrun detected.
[2020.09.17-16.44.01:421][338]LogAudioMixer: Display: Audio Buffer Underrun detected.
[2020.09.17-16.44.02:148][340]LogAudioMixer: Display: Audio Buffer Underrun detected.
[2020.09.17-16.44.03:891][345]LogAudioMixer: Display: Audio Buffer Underrun detected.
[2020.09.17-16.44.04:835][348]LogAudioMixer: Display: Audio Buffer Underrun detected.
[2020.09.17-16.44.05:879][351]LogAudioMixer: Display: Audio Buffer Underrun detected.
[2020.09.17-16.44.06:621][353]LogAudioMixer: Display: Audio Buffer Underrun detected.
[2020.09.17-16.44.07:617][356]LogAudioMixer: Display: Audio Buffer Underrun detected.
[2020.09.17-16.44.09:627][362]LogAudioMixer: Display: Audio Buffer Underrun detected.
[2020.09.17-16.44.11:015][366]LogAudioMixer: Display: Audio Buffer Underrun detected.
[2020.09.17-16.44.11:015][366]LogAudioMixer: Display: Audio Buffer Underrun detected.
[2020.09.17-16.44.15:453][379]LogAudioMixer: Display: Audio Buffer Underrun detected.
[2020.09.17-16.44.16:848][383]LogAudioMixer: Display: Audio Buffer Underrun detected.
[2020.09.17-16.44.20:335][393]LogAudioMixer: Display: Audio Buffer Underrun detected.
[2020.09.17-16.44.22:696][400]LogAudioMixer: Display: Audio Buffer Underrun detected.
[2020.09.17-16.44.25:086][407]LogAudioMixer: Display: Audio Buffer Underrun detected.
[2020.09.17-16.44.27:223][413]LogAudioMixer: Display: Audio Buffer Underrun detected.
[2020.09.17-16.44.29:594][420]LogAudioMixer: Display: Audio Buffer Underrun detected.
[2020.09.17-16.44.36:457][440]LogAudioMixer: Display: Audio Buffer Underrun detected.
[2020.09.17-16.44.37:477][443]LogAudioMixer: Display: Audio Buffer Underrun detected.
[2020.09.17-16.44.40:671][452]LogAudioMixer: Display: Audio Buffer Underrun detected.
[2020.09.17-16.44.40:671][452]LogAudioMixer: Display: Audio Buffer Underrun detected.
[2020.09.17-16.44.42:031][456]LogAudioMixer: Display: Audio Buffer Underrun detected.
[2020.09.17-16.44.42:364][457]LogAudioMixer: Display: Audio Buffer Underrun detected.
[2020.09.17-16.44.42:741][458]LogAudioMixer: Display: Audio Buffer Underrun detected.
[2020.09.17-16.44.44:795][464]LogAudioMixer: Display: Audio Buffer Underrun detected.
[2020.09.17-16.44.45:560][466]LogAudioMixer: Display: Audio Buffer Underrun detected.
[2020.09.17-16.44.47:025][470]LogAudioMixer: Display: Audio Buffer Underrun detected.
[2020.09.17-16.44.47:419][471]LogAudioMixer: Display: Audio Buffer Underrun detected.
[2020.09.17-16.44.48:221][473]LogAudioMixer: Display: Audio Buffer Underrun detected.
[2020.09.17-16.44.49:940][478]LogAudioMixer: Display: Audio Buffer Underrun detected.
[2020.09.17-16.44.51:932][484]LogAudioMixer: Display: Audio Buffer Underrun detected.
[2020.09.17-16.44.52:189][485]LogAudioMixer: Display: Audio Buffer Underrun detected.
[2020.09.17-16.44.54:328][491]LogAudioMixer: Display: Audio Buffer Underrun detected.
[2020.09.17-16.44.56:432][497]LogAudioMixer: Display: Audio Buffer Underrun detected.
